# JRE version: Java(TM) SE Runtime Environment (7.0_71-b14) (build 1.7.0_71-b14)
# Java VM: Java HotSpot(TM) 64-Bit Server VM (24.71-b01 mixed mode windows-amd64 compressed oops)
Heap
 PSYoungGen      total 18944K, used 18916K [0x00000000eb280000, 0x00000000ec780000, 0x0000000100000000)
  eden space 16384K, 100% used [0x00000000eb280000,0x00000000ec280000,0x00000000ec280000)
  from space 2560K, 98% used [0x00000000ec500000,0x00000000ec779000,0x00000000ec780000)
  to   space 2560K, 99% used [0x00000000ec280000,0x00000000ec4fc050,0x00000000ec500000)
 ParOldGen       total 83456K, used 44046K [0x00000000c1800000, 0x00000000c6980000, 0x00000000eb280000)
  object space 83456K, 52% used [0x00000000c1800000,0x00000000c4303ac0,0x00000000c6980000)
 PSPermGen       total 21504K, used 15462K [0x00000000bc600000, 0x00000000bdb00000, 0x00000000c1800000)
  object space 21504K, 71% used [0x00000000bc600000,0x00000000bd519a10,0x00000000bdb00000)
GC Heap History (5 events):
Event: 0.699 GC heap before
{Heap before GC invocations=1 (full 0):
 PSYoungGen      total 18944K, used 16384K [0x00000000eb280000, 0x00000000ec780000, 0x0000000100000000)
  eden space 16384K, 100% used [0x00000000eb280000,0x00000000ec280000,0x00000000ec280000)
  from space 2560K, 0% used [0x00000000ec500000,0x00000000ec500000,0x00000000ec780000)
  to   space 2560K, 0% used [0x00000000ec280000,0x00000000ec280000,0x00000000ec500000)
 ParOldGen       total 42496K, used 0K [0x00000000c1800000, 0x00000000c4180000, 0x00000000eb280000)
  object space 42496K, 0% used [0x00000000c1800000,0x00000000c1800000,0x00000000c4180000)
 PSPermGen       total 21504K, used 9078K [0x00000000bc600000, 0x00000000bdb00000, 0x00000000c1800000)
  object space 21504K, 42% used [0x00000000bc600000,0x00000000bcedd8f8,0x00000000bdb00000)
Event: 0.705 GC heap after
Heap after GC invocations=1 (full 0):
 PSYoungGen      total 18944K, used 2541K [0x00000000eb280000, 0x00000000ec780000, 0x0000000100000000)
  eden space 16384K, 0% used [0x00000000eb280000,0x00000000eb280000,0x00000000ec280000)
  from space 2560K, 99% used [0x00000000ec280000,0x00000000ec4fb4d0,0x00000000ec500000)
  to   space 2560K, 0% used [0x00000000ec500000,0x00000000ec500000,0x00000000ec780000)
 ParOldGen       total 42496K, used 1488K [0x00000000c1800000, 0x00000000c4180000, 0x00000000eb280000)
  object space 42496K, 3% used [0x00000000c1800000,0x00000000c19740c0,0x00000000c4180000)
 PSPermGen       total 21504K, used 9078K [0x00000000bc600000, 0x00000000bdb00000, 0x00000000c1800000)
  object space 21504K, 42% used [0x00000000bc600000,0x00000000bcedd8f8,0x00000000bdb00000)
}
Event: 3.124 GC heap before
{Heap before GC invocations=2 (full 0):
 PSYoungGen      total 18944K, used 18925K [0x00000000eb280000, 0x00000000ec780000, 0x0000000100000000)
  eden space 16384K, 100% used [0x00000000eb280000,0x00000000ec280000,0x00000000ec280000)
  from space 2560K, 99% used [0x00000000ec280000,0x00000000ec4fb4d0,0x00000000ec500000)
  to   space 2560K, 0% used [0x00000000ec500000,0x00000000ec500000,0x00000000ec780000)
 ParOldGen       total 42496K, used 1488K [0x00000000c1800000, 0x00000000c4180000, 0x00000000eb280000)
  object space 42496K, 3% used [0x00000000c1800000,0x00000000c19740c0,0x00000000c4180000)
 PSPermGen       total 21504K, used 12239K [0x00000000bc600000, 0x00000000bdb00000, 0x00000000c1800000)
  object space 21504K, 56% used [0x00000000bc600000,0x00000000bd1f3ce0,0x00000000bdb00000)
Event: 3.130 GC heap after
Heap after GC invocations=2 (full 0):
 PSYoungGen      total 18944K, used 2532K [0x00000000eb280000, 0x00000000ec780000, 0x0000000100000000)
  eden space 16384K, 0% used [0x00000000eb280000,0x00000000eb280000,0x00000000ec280000)
  from space 2560K, 98% used [0x00000000ec500000,0x00000000ec779000,0x00000000ec780000)
  to   space 2560K, 0% used [0x00000000ec280000,0x00000000ec280000,0x00000000ec500000)
 ParOldGen       total 42496K, used 2753K [0x00000000c1800000, 0x00000000c4180000, 0x00000000eb280000)
  object space 42496K, 6% used [0x00000000c1800000,0x00000000c1ab0690,0x00000000c4180000)
 PSPermGen       total 21504K, used 12239K [0x00000000bc600000, 0x00000000bdb00000, 0x00000000c1800000)
  object space 21504K, 56% used [0x00000000bc600000,0x00000000bd1f3ce0,0x00000000bdb00000)
}
Event: 5.452 GC heap before
{Heap before GC invocations=3 (full 0):
 PSYoungGen      total 18944K, used 18916K [0x00000000eb280000, 0x00000000ec780000, 0x0000000100000000)
  eden space 16384K, 100% used [0x00000000eb280000,0x00000000ec280000,0x00000000ec280000)
  from space 2560K, 98% used [0x00000000ec500000,0x00000000ec779000,0x00000000ec780000)
  to   space 2560K, 0% used [0x00000000ec280000,0x00000000ec280000,0x00000000ec500000)
 ParOldGen       total 42496K, used 2753K [0x00000000c1800000, 0x00000000c4180000, 0x00000000eb280000)
  object space 42496K, 6% used [0x00000000c1800000,0x00000000c1ab0690,0x00000000c4180000)
 PSPermGen       total 21504K, used 15462K [0x00000000bc600000, 0x00000000bdb00000, 0x00000000c1800000)
  object space 21504K, 71% used [0x00000000bc600000,0x00000000bd519a10,0x00000000bdb00000)

